# JRE version: Java(TM) SE Runtime Environment (8.0_231-b11) (build 1.8.0_231-b11)
# Java VM: Java HotSpot(TM) 64-Bit Server VM (25.231-b11 mixed mode windows-amd64 compressed oops)
Heap:
 PSYoungGen      total 412160K, used 277631K [0x00000000e0000000, 0x00000000fcb80000, 0x0000000100000000)
  eden space 386048K, 65% used [0x00000000e0000000,0x00000000ef5f2da8,0x00000000f7900000)
  from space 26112K, 98% used [0x00000000fb200000,0x00000000fcb2d1e0,0x00000000fcb80000)
  to   space 37888K, 0% used [0x00000000f8180000,0x00000000f8180000,0x00000000fa680000)
 ParOldGen       total 162816K, used 60309K [0x00000000a0000000, 0x00000000a9f00000, 0x00000000e0000000)
  object space 162816K, 37% used [0x00000000a0000000,0x00000000a3ae57a8,0x00000000a9f00000)
 Metaspace       used 70099K, capacity 75796K, committed 75864K, reserved 1114112K
  class space    used 9962K, capacity 11087K, committed 11096K, reserved 1048576K
GC Heap History (10 events):
Event: 8.698 GC heap before
{Heap before GC invocations=9 (full 2):
 PSYoungGen      total 245248K, used 228864K [0x00000000e0000000, 0x00000000f0500000, 0x0000000100000000)
  eden space 228864K, 100% used [0x00000000e0000000,0x00000000edf80000,0x00000000edf80000)
  from space 16384K, 0% used [0x00000000eee80000,0x00000000eee80000,0x00000000efe80000)
  to   space 15360K, 0% used [0x00000000edf80000,0x00000000edf80000,0x00000000eee80000)
 ParOldGen       total 90112K, used 16469K [0x00000000a0000000, 0x00000000a5800000, 0x00000000e0000000)
  object space 90112K, 18% used [0x00000000a0000000,0x00000000a10155a8,0x00000000a5800000)
 Metaspace       used 45229K, capacity 47164K, committed 47320K, reserved 1089536K
  class space    used 6606K, capacity 7007K, committed 7128K, reserved 1048576K
Event: 8.712 GC heap after
Heap after GC invocations=9 (full 2):
 PSYoungGen      total 244224K, used 15343K [0x00000000e0000000, 0x00000000f6c80000, 0x0000000100000000)
  eden space 228864K, 0% used [0x00000000e0000000,0x00000000e0000000,0x00000000edf80000)
  from space 15360K, 99% used [0x00000000edf80000,0x00000000eee7bdf0,0x00000000eee80000)
  to   space 19968K, 0% used [0x00000000f5900000,0x00000000f5900000,0x00000000f6c80000)
 ParOldGen       total 90112K, used 20125K [0x00000000a0000000, 0x00000000a5800000, 0x00000000e0000000)
  object space 90112K, 22% used [0x00000000a0000000,0x00000000a13a7678,0x00000000a5800000)
 Metaspace       used 45229K, capacity 47164K, committed 47320K, reserved 1089536K
  class space    used 6606K, capacity 7007K, committed 7128K, reserved 1048576K
}
Event: 10.283 GC heap before
{Heap before GC invocations=10 (full 2):
 PSYoungGen      total 244224K, used 244207K [0x00000000e0000000, 0x00000000f6c80000, 0x0000000100000000)
  eden space 228864K, 100% used [0x00000000e0000000,0x00000000edf80000,0x00000000edf80000)
  from space 15360K, 99% used [0x00000000edf80000,0x00000000eee7bdf0,0x00000000eee80000)
  to   space 19968K, 0% used [0x00000000f5900000,0x00000000f5900000,0x00000000f6c80000)
 ParOldGen       total 90112K, used 20125K [0x00000000a0000000, 0x00000000a5800000, 0x00000000e0000000)
  object space 90112K, 22% used [0x00000000a0000000,0x00000000a13a7678,0x00000000a5800000)
 Metaspace       used 51030K, capacity 54622K, committed 54744K, reserved 1095680K
  class space    used 7487K, capacity 8124K, committed 8152K, reserved 1048576K
Event: 10.309 GC heap after
Heap after GC invocations=10 (full 2):
 PSYoungGen      total 342528K, used 19965K [0x00000000e0000000, 0x00000000f8200000, 0x0000000100000000)
  eden space 322560K, 0% used [0x00000000e0000000,0x00000000e0000000,0x00000000f3b00000)
  from space 19968K, 99% used [0x00000000f5900000,0x00000000f6c7f6d8,0x00000000f6c80000)
  to   space 30720K, 0% used [0x00000000f3b00000,0x00000000f3b00000,0x00000000f5900000)
 ParOldGen       total 90112K, used 37480K [0x00000000a0000000, 0x00000000a5800000, 0x00000000e0000000)
  object space 90112K, 41% used [0x00000000a0000000,0x00000000a249a3a8,0x00000000a5800000)
 Metaspace       used 51030K, capacity 54622K, committed 54744K, reserved 1095680K
  class space    used 7487K, capacity 8124K, committed 8152K, reserved 1048576K
}
Event: 13.204 GC heap before
{Heap before GC invocations=11 (full 2):
 PSYoungGen      total 342528K, used 214897K [0x00000000e0000000, 0x00000000f8200000, 0x0000000100000000)
  eden space 322560K, 60% used [0x00000000e0000000,0x00000000ebe5d030,0x00000000f3b00000)
  from space 19968K, 99% used [0x00000000f5900000,0x00000000f6c7f6d8,0x00000000f6c80000)
  to   space 30720K, 0% used [0x00000000f3b00000,0x00000000f3b00000,0x00000000f5900000)
 ParOldGen       total 90112K, used 37480K [0x00000000a0000000, 0x00000000a5800000, 0x00000000e0000000)
  object space 90112K, 41% used [0x00000000a0000000,0x00000000a249a3a8,0x00000000a5800000)
 Metaspace       used 54862K, capacity 58942K, committed 58968K, reserved 1099776K
  class space    used 8007K, capacity 8769K, committed 8792K, reserved 1048576K
Event: 13.237 GC heap after
Heap after GC invocations=11 (full 2):
 PSYoungGen      total 353280K, used 30716K [0x00000000e0000000, 0x00000000fd580000, 0x0000000100000000)
  eden space 322560K, 0% used [0x00000000e0000000,0x00000000e0000000,0x00000000f3b00000)
  from space 30720K, 99% used [0x00000000f3b00000,0x00000000f58ff2c0,0x00000000f5900000)
  to   space 36352K, 0% used [0x00000000fb200000,0x00000000fb200000,0x00000000fd580000)
 ParOldGen       total 90112K, used 38831K [0x00000000a0000000, 0x00000000a5800000, 0x00000000e0000000)
  object space 90112K, 43% used [0x00000000a0000000,0x00000000a25ebeb8,0x00000000a5800000)
 Metaspace       used 54862K, capacity 58942K, committed 58968K, reserved 1099776K
  class space    used 8007K, capacity 8769K, committed 8792K, reserved 1048576K
}
Event: 13.237 GC heap before
{Heap before GC invocations=12 (full 3):
 PSYoungGen      total 353280K, used 30716K [0x00000000e0000000, 0x00000000fd580000, 0x0000000100000000)
  eden space 322560K, 0% used [0x00000000e0000000,0x00000000e0000000,0x00000000f3b00000)
  from space 30720K, 99% used [0x00000000f3b00000,0x00000000f58ff2c0,0x00000000f5900000)
  to   space 36352K, 0% used [0x00000000fb200000,0x00000000fb200000,0x00000000fd580000)
 ParOldGen       total 90112K, used 38831K [0x00000000a0000000, 0x00000000a5800000, 0x00000000e0000000)
  object space 90112K, 43% used [0x00000000a0000000,0x00000000a25ebeb8,0x00000000a5800000)
 Metaspace       used 54862K, capacity 58942K, committed 58968K, reserved 1099776K
  class space    used 8007K, capacity 8769K, committed 8792K, reserved 1048576K
Event: 13.527 GC heap after
Heap after GC invocations=12 (full 3):
 PSYoungGen      total 353280K, used 0K [0x00000000e0000000, 0x00000000fd580000, 0x0000000100000000)
  eden space 322560K, 0% used [0x00000000e0000000,0x00000000e0000000,0x00000000f3b00000)
  from space 30720K, 0% used [0x00000000f3b00000,0x00000000f3b00000,0x00000000f5900000)
  to   space 36352K, 0% used [0x00000000fb200000,0x00000000fb200000,0x00000000fd580000)
 ParOldGen       total 162816K, used 60301K [0x00000000a0000000, 0x00000000a9f00000, 0x00000000e0000000)
  object space 162816K, 37% used [0x00000000a0000000,0x00000000a3ae37a8,0x00000000a9f00000)
 Metaspace       used 54846K, capacity 58888K, committed 58968K, reserved 1099776K
  class space    used 8002K, capacity 8760K, committed 8792K, reserved 1048576K
}
Event: 17.837 GC heap before
{Heap before GC invocations=13 (full 3):
 PSYoungGen      total 353280K, used 322560K [0x00000000e0000000, 0x00000000fd580000, 0x0000000100000000)
  eden space 322560K, 100% used [0x00000000e0000000,0x00000000f3b00000,0x00000000f3b00000)
  from space 30720K, 0% used [0x00000000f3b00000,0x00000000f3b00000,0x00000000f5900000)
  to   space 36352K, 0% used [0x00000000fb200000,0x00000000fb200000,0x00000000fd580000)
 ParOldGen       total 162816K, used 60301K [0x00000000a0000000, 0x00000000a9f00000, 0x00000000e0000000)
  object space 162816K, 37% used [0x00000000a0000000,0x00000000a3ae37a8,0x00000000a9f00000)
 Metaspace       used 59993K, capacity 65290K, committed 65624K, reserved 1105920K
  class space    used 8682K, capacity 9726K, committed 9816K, reserved 1048576K
Event: 17.861 GC heap after
Heap after GC invocations=13 (full 3):
 PSYoungGen      total 412160K, used 25780K [0x00000000e0000000, 0x00000000fcb80000, 0x0000000100000000)
  eden space 386048K, 0% used [0x00000000e0000000,0x00000000e0000000,0x00000000f7900000)
  from space 26112K, 98% used [0x00000000fb200000,0x00000000fcb2d1e0,0x00000000fcb80000)
  to   space 37888K, 0% used [0x00000000f8180000,0x00000000f8180000,0x00000000fa680000)
 ParOldGen       total 162816K, used 60309K [0x00000000a0000000, 0x00000000a9f00000, 0x00000000e0000000)
  object space 162816K, 37% used [0x00000000a0000000,0x00000000a3ae57a8,0x00000000a9f00000)
 Metaspace       used 59993K, capacity 65290K, committed 65624K, reserved 1105920K
  class space    used 8682K, capacity 9726K, committed 9816K, reserved 1048576K
}

